<?xml version="1.0" encoding="UTF-8"?>
<!-- Generated by org.testng.reporters.JUnitReportReporter -->
<testsuite hostname="CRED-G9B69S3" failures="0" tests="5" name="ui.TestNG2" time="0.012" errors="0" timestamp="2024-09-01T01:18:20 IST" skipped="0">
  <testcase classname="ui.TestNG2" name="test1" time="0.001"/>
  <testcase classname="ui.TestNG2" name="b1" time="0.003"/>
  <testcase classname="ui.TestNG2" name="b" time="0.004"/>
  <testcase classname="ui.TestNG2" name="test2" time="0.002"/>
  <testcase classname="ui.TestNG2" name="a" time="0.002"/>
</testsuite> <!-- ui.TestNG2 -->
