<?xml version="1.0" encoding="UTF-8"?>
<!-- Generated by org.testng.reporters.JUnitReportReporter -->
<testsuite hostname="CRED-G9B69S3" failures="0" tests="2" name="testNG.TestNGclass2" time="0.003" errors="0" timestamp="2024-09-01T17:33:02 IST" skipped="0">
  <testcase classname="testNG.TestNGclass2" name="test6" time="0.002"/>
  <testcase classname="testNG.TestNGclass2" name="test8" time="0.001"/>
</testsuite> <!-- testNG.TestNGclass2 -->
