<?xml version="1.0" encoding="UTF-8"?>
<!-- Generated by org.testng.reporters.JUnitReportReporter -->
<testsuite hostname="CRED-G9B69S3" failures="0" tests="5" name="ui.TestNG6" time="26.933" errors="0" timestamp="2024-09-02T01:43:46 IST" skipped="0">
  <testcase classname="ui.TestNG6" name="verifyTitle" time="0.019"/>
  <testcase classname="ui.TestNG6" name="verifyEmailfield" time="0.202"/>
  <testcase classname="ui.TestNG6" name="verifyPasswordfield" time="0.173"/>
  <testcase classname="ui.TestNG6" name="verifyLoginbutton" time="0.110"/>
  <testcase classname="ui.TestNG6" name="verifyError" time="26.429"/>
</testsuite> <!-- ui.TestNG6 -->
