<?xml version="1.0" encoding="UTF-8"?>
<!-- Generated by org.testng.reporters.JUnitReportReporter -->
<testsuite hostname="CRED-G9B69S3" failures="0" tests="1" name="ui.Assertion1" time="0.034" errors="0" timestamp="2024-09-01T19:13:37 IST" skipped="0">
  <testcase classname="ui.Assertion1" name="validateTextonLandingPage" time="0.034"/>
</testsuite> <!-- ui.Assertion1 -->
