<?xml version="1.0" encoding="UTF-8"?>
<!-- Generated by org.testng.reporters.JUnitReportReporter -->
<testsuite hostname="CRED-G9B69S3" failures="0" tests="3" name="ui.TestClass" time="0.010" errors="0" timestamp="2024-09-01T01:18:20 IST" skipped="0">
  <testcase classname="ui.TestClass" name="test2" time="0.003"/>
  <testcase classname="ui.TestClass" name="test1" time="0.003"/>
  <testcase classname="ui.TestClass" name="a" time="0.004"/>
</testsuite> <!-- ui.TestClass -->
