<?xml version="1.0" encoding="UTF-8"?>
<!-- Generated by org.testng.reporters.JUnitReportReporter -->
<testsuite hostname="CRED-G9B69S3" failures="0" tests="2" name="testNG.TestNGclass1" time="0.010" errors="0" timestamp="2024-09-01T17:33:02 IST" skipped="0">
  <testcase classname="testNG.TestNGclass1" name="test3" time="0.001"/>
  <testcase classname="testNG.TestNGclass1" name="test1" time="0.009"/>
</testsuite> <!-- testNG.TestNGclass1 -->
