<?xml version="1.0" encoding="UTF-8"?>
<!-- Generated by org.testng.reporters.JUnitReportReporter -->
<testsuite hostname="CRED-G9B69S3" failures="0" tests="3" name="ui.TestNG5" time="6.866" errors="0" timestamp="2024-09-01T18:57:19 IST" skipped="0">
  <testcase classname="ui.TestNG5" name="loginCheck" time="2.326"/>
  <testcase classname="ui.TestNG5" name="loginCheck" time="2.242"/>
  <testcase classname="ui.TestNG5" name="loginCheck" time="2.298"/>
</testsuite> <!-- ui.TestNG5 -->
